<?xml version="1.0" encoding="UTF-8" ?>
<testsuite errors="0" failures="0" hostname="holger-ThinkPad-T430s" name="joanakeyrefactoring.ViolationsWrapperTest" skipped="0" tests="2" time="30.064" timestamp="2017-08-07T19:05:04">
  <properties>
[...]
</properties>
  <testcase classname="joanakeyrefactoring.ViolationsWrapperTest" name="testGenerateSaveString" time="0.002" />
  <testcase classname="joanakeyrefactoring.ViolationsWrapperTest" name="testLoadFromSaveString" time="29.97" />
  <system-out><![CDATA[C:jzip.JZip jzip.JZip
C:jzip.JZip java.lang.Object
C:jzip.JZip java.lang.StringBuilder
C:jzip.JZip [Ljava.lang.String;
C:jzip.JZip org.apache.commons.cli.Options
C:jzip.JZip org.apache.commons.cli.Option
C:jzip.JZip org.apache.commons.cli.OptionBuilder
C:jzip.JZip org.apache.commons.cli.GnuParser
C:jzip.JZip java.lang.Throwable
C:jzip.JZip java.lang.System
C:jzip.JZip java.io.PrintStream
C:jzip.JZip java.io.BufferedReader
C:jzip.JZip java.io.InputStreamReader
C:jzip.JZip java.lang.String
C:jzip.JZip org.apache.commons.cli.HelpFormatter
C:jzip.JZip java.io.IOException
C:jzip.JZip org.apache.commons.cli.CommandLineParser
C:jzip.JZip org.apache.commons.cli.CommandLine
C:jzip.JZip java.util.Properties
C:jzip.JZip org.apache.commons.cli.ParseException
C:jzip.JZip java.io.File
C:jzip.JZip java.util.LinkedList
C:jzip.JZip java.io.FileOutputStream
C:jzip.JZip java.io.BufferedOutputStream
C:jzip.JZip java.util.zip.ZipOutputStream
C:jzip.JZip java.util.List
C:jzip.JZip java.util.Iterator
C:jzip.JZip java.util.zip.ZipEntry
C:jzip.JZip java.io.FileInputStream
C:jzip.JZip java.io.BufferedInputStream
C:jzip.JZip [B
C:jzip.JZip java.util.zip.ZipInputStream
C:jzip.JZip jzip.MyZipInputStream
C:jzip.JZip jzip.MyFileOutputStream
C:jzip.JZip java.util.Set
C:jzip.JZip java.io.FileNotFoundException
M:jzip.JZip:<init>(java.lang.String[]) (O)java.lang.Object:<init>()
M:jzip.JZip:<init>(java.lang.String[]) (O)java.lang.StringBuilder:<init>()
M:jzip.JZip:<init>(java.lang.String[]) (M)java.lang.StringBuilder:append(java.lang.String)
M:jzip.JZip:<init>(java.lang.String[]) (M)java.lang.StringBuilder:toString()
M:jzip.JZip:<init>() (O)java.lang.Object:<init>()
M:jzip.JZip:main(java.lang.String[]) (O)jzip.JZip:<init>()
M:jzip.JZip:main(java.lang.String[]) (M)jzip.JZip:start()
M:jzip.JZip:init() (O)org.apache.commons.cli.Options:<init>()
M:jzip.JZip:init() (O)org.apache.commons.cli.Option:<init>(java.lang.String,java.lang.String)
M:jzip.JZip:init() (M)org.apache.commons.cli.Options:addOption(org.apache.commons.cli.Option)
M:jzip.JZip:init() (O)org.apache.commons.cli.Option:<init>(java.lang.String,java.lang.String)
M:jzip.JZip:init() (M)org.apache.commons.cli.Options:addOption(org.apache.commons.cli.Option)
M:jzip.JZip:init() (S)org.apache.commons.cli.OptionBuilder:withArgName(java.lang.String)
M:jzip.JZip:init() (S)org.apache.commons.cli.OptionBuilder:hasArg()
M:jzip.JZip:init() (S)org.apache.commons.cli.OptionBuilder:withDescription(java.lang.String)
M:jzip.JZip:init() (S)org.apache.commons.cli.OptionBuilder:create(java.lang.String)
M:jzip.JZip:init() (M)org.apache.commons.cli.Options:addOption(org.apache.commons.cli.Option)
M:jzip.JZip:init() (S)org.apache.commons.cli.OptionBuilder:withArgName(java.lang.String)
M:jzip.JZip:init() (S)org.apache.commons.cli.OptionBuilder:hasArg()
M:jzip.JZip:init() (S)org.apache.commons.cli.OptionBuilder:withDescription(java.lang.String)
M:jzip.JZip:init() (S)org.apache.commons.cli.OptionBuilder:create(java.lang.String)
M:jzip.JZip:init() (M)org.apache.commons.cli.Options:addOption(org.apache.commons.cli.Option)
M:jzip.JZip:init() (S)org.apache.commons.cli.OptionBuilder:withArgName(java.lang.String)
M:jzip.JZip:init() (S)org.apache.commons.cli.OptionBuilder:hasOptionalArgs(int)
M:jzip.JZip:init() (S)org.apache.commons.cli.OptionBuilder:withValueSeparator(char)
M:jzip.JZip:init() (S)org.apache.commons.cli.OptionBuilder:withDescription(java.lang.String)
M:jzip.JZip:init() (S)org.apache.commons.cli.OptionBuilder:create(java.lang.String)
M:jzip.JZip:init() (M)org.apache.commons.cli.Options:addOption(org.apache.commons.cli.Option)
M:jzip.JZip:init() (O)org.apache.commons.cli.Option:<init>(java.lang.String,java.lang.String)
M:jzip.JZip:init() (M)org.apache.commons.cli.Options:addOption(org.apache.commons.cli.Option)
M:jzip.JZip:init() (S)org.apache.commons.cli.OptionBuilder:withArgName(java.lang.String)
M:jzip.JZip:init() (S)org.apache.commons.cli.OptionBuilder:hasOptionalArgs(int)
M:jzip.JZip:init() (S)org.apache.commons.cli.OptionBuilder:withDescription(java.lang.String)
M:jzip.JZip:init() (S)org.apache.commons.cli.OptionBuilder:create(java.lang.String)
M:jzip.JZip:init() (M)org.apache.commons.cli.Options:addOption(org.apache.commons.cli.Option)
M:jzip.JZip:init() (S)org.apache.commons.cli.OptionBuilder:withArgName(java.lang.String)
M:jzip.JZip:init() (S)org.apache.commons.cli.OptionBuilder:hasOptionalArgs(int)
M:jzip.JZip:init() (S)org.apache.commons.cli.OptionBuilder:withDescription(java.lang.String)
M:jzip.JZip:init() (S)org.apache.commons.cli.OptionBuilder:create(java.lang.String)
M:jzip.JZip:init() (M)org.apache.commons.cli.Options:addOption(org.apache.commons.cli.Option)
M:jzip.JZip:init() (O)org.apache.commons.cli.GnuParser:<init>()
M:jzip.JZip:start() (O)jzip.JZip:init()
M:jzip.JZip:start() (M)java.io.PrintStream:println(java.lang.String)
M:jzip.JZip:start() (O)java.io.InputStreamReader:<init>(java.io.InputStream)
M:jzip.JZip:start() (O)java.io.BufferedReader:<init>(java.io.Reader)
M:jzip.JZip:start() (M)java.lang.String:equals(java.lang.Object)
M:jzip.JZip:start() (M)java.lang.String:equals(java.lang.Object)
M:jzip.JZip:start() (M)java.io.BufferedReader:readLine()
M:jzip.JZip:start() (M)java.lang.String:trim()
M:jzip.JZip:start() (M)java.lang.String:equals(java.lang.Object)
M:jzip.JZip:start() (O)org.apache.commons.cli.HelpFormatter:<init>()
M:jzip.JZip:start() (M)org.apache.commons.cli.HelpFormatter:printHelp(java.lang.String,org.apache.commons.cli.Options)
M:jzip.JZip:start() (M)java.lang.String:trim()
M:jzip.JZip:start() (M)java.lang.String:equals(java.lang.Object)
M:jzip.JZip:start() (M)java.lang.String:split(java.lang.String)
M:jzip.JZip:start() (O)java.lang.StringBuilder:<init>(java.lang.String)
M:jzip.JZip:start() (M)java.lang.StringBuilder:append(java.lang.String)
M:jzip.JZip:start() (M)java.lang.StringBuilder:toString()
M:jzip.JZip:start() (O)jzip.JZip:parseAndRun(java.lang.String[])
M:jzip.JZip:start() (M)java.lang.String:equals(java.lang.Object)
M:jzip.JZip:start() (M)java.io.IOException:printStackTrace()
M:jzip.JZip:parseAndRun(java.lang.String[]) (I)org.apache.commons.cli.CommandLineParser:parse(org.apache.commons.cli.Options,java.lang.String[])
M:jzip.JZip:parseAndRun(java.lang.String[]) (M)org.apache.commons.cli.CommandLine:hasOption(java.lang.String)
M:jzip.JZip:parseAndRun(java.lang.String[]) (M)org.apache.commons.cli.CommandLine:getOptionValue(java.lang.String)
M:jzip.JZip:parseAndRun(java.lang.String[]) (O)jzip.JZip:loadConfig(java.lang.String)
M:jzip.JZip:parseAndRun(java.lang.String[]) (M)org.apache.commons.cli.CommandLine:hasOption(java.lang.String)
M:jzip.JZip:parseAndRun(java.lang.String[]) (M)org.apache.commons.cli.CommandLine:getOptionValue(java.lang.String)
M:jzip.JZip:parseAndRun(java.lang.String[]) (O)jzip.JZip:storeConfig(java.lang.String)
M:jzip.JZip:parseAndRun(java.lang.String[]) (M)org.apache.commons.cli.CommandLine:hasOption(java.lang.String)
M:jzip.JZip:parseAndRun(java.lang.String[]) (M)org.apache.commons.cli.CommandLine:getOptionValues(java.lang.String)
M:jzip.JZip:parseAndRun(java.lang.String[]) (O)jzip.JZip:setConfigValue(java.lang.String,java.lang.String)
M:jzip.JZip:parseAndRun(java.lang.String[]) (M)org.apache.commons.cli.CommandLine:hasOption(java.lang.String)
M:jzip.JZip:parseAndRun(java.lang.String[]) (O)jzip.JZip:showConfig()
M:jzip.JZip:parseAndRun(java.lang.String[]) (M)org.apache.commons.cli.CommandLine:hasOption(java.lang.String)
M:jzip.JZip:parseAndRun(java.lang.String[]) (M)org.apache.commons.cli.CommandLine:getOptionValues(java.lang.String)
M:jzip.JZip:parseAndRun(java.lang.String[]) (M)java.util.Properties:contains(java.lang.Object)
M:jzip.JZip:parseAndRun(java.lang.String[]) (M)java.util.Properties:getProperty(java.lang.String)
M:jzip.JZip:parseAndRun(java.lang.String[]) (M)java.util.Properties:containsKey(java.lang.Object)
M:jzip.JZip:parseAndRun(java.lang.String[]) (M)java.util.Properties:getProperty(java.lang.String)
M:jzip.JZip:parseAndRun(java.lang.String[]) (M)jzip.JZip:zipIt(java.lang.String,java.lang.String)
M:jzip.JZip:parseAndRun(java.lang.String[]) (M)org.apache.commons.cli.CommandLine:hasOption(java.lang.String)
M:jzip.JZip:parseAndRun(java.lang.String[]) (M)org.apache.commons.cli.CommandLine:getOptionValues(java.lang.String)
M:jzip.JZip:parseAndRun(java.lang.String[]) (M)java.util.Properties:containsKey(java.lang.Object)
M:jzip.JZip:parseAndRun(java.lang.String[]) (M)java.util.Properties:getProperty(java.lang.String)
M:jzip.JZip:parseAndRun(java.lang.String[]) (O)org.apache.commons.cli.ParseException:<init>(java.lang.String)
M:jzip.JZip:parseAndRun(java.lang.String[]) (M)java.util.Properties:containsKey(java.lang.Object)
M:jzip.JZip:parseAndRun(java.lang.String[]) (M)java.util.Properties:getProperty(java.lang.String)
M:jzip.JZip:parseAndRun(java.lang.String[]) (M)java.lang.String:toLowerCase()
M:jzip.JZip:parseAndRun(java.lang.String[]) (M)java.lang.String:equals(java.lang.Object)
M:jzip.JZip:parseAndRun(java.lang.String[]) (O)java.io.File:<init>(java.lang.String)
M:jzip.JZip:parseAndRun(java.lang.String[]) (M)java.io.File:exists()
M:jzip.JZip:parseAndRun(java.lang.String[]) (M)java.io.File:mkdirs()
M:jzip.JZip:parseAndRun(java.lang.String[]) (M)jzip.JZip:unZipIt(java.lang.String,java.lang.String)
M:jzip.JZip:parseAndRun(java.lang.String[]) (M)java.io.PrintStream:println(java.lang.String)
M:jzip.JZip:parseAndRun(java.lang.String[]) (M)org.apache.commons.cli.ParseException:getMessage()
M:jzip.JZip:parseAndRun(java.lang.String[]) (M)java.io.PrintStream:println(java.lang.String)
M:jzip.JZip:zipIt(java.lang.String,java.lang.String) (O)java.util.LinkedList:<init>()
M:jzip.JZip:zipIt(java.lang.String,java.lang.String) (O)java.io.File:<init>(java.lang.String)
M:jzip.JZip:zipIt(java.lang.String,java.lang.String) (M)jzip.JZip:generateFileList(java.io.File,java.lang.String)
M:jzip.JZip:zipIt(java.lang.String,java.lang.String) (O)java.io.FileOutputStream:<init>(java.lang.String)
M:jzip.JZip:zipIt(java.lang.String,java.lang.String) (O)java.io.BufferedOutputStream:<init>(java.io.OutputStream,int)
M:jzip.JZip:zipIt(java.lang.String,java.lang.String) (O)java.util.zip.ZipOutputStream:<init>(java.io.OutputStream)
M:jzip.JZip:zipIt(java.lang.String,java.lang.String) (O)java.lang.StringBuilder:<init>(java.lang.String)
M:jzip.JZip:zipIt(java.lang.String,java.lang.String) (M)java.lang.StringBuilder:append(java.lang.String)
M:jzip.JZip:zipIt(java.lang.String,java.lang.String) (M)java.lang.StringBuilder:toString()
M:jzip.JZip:zipIt(java.lang.String,java.lang.String) (M)java.io.PrintStream:println(java.lang.String)
M:jzip.JZip:zipIt(java.lang.String,java.lang.String) (I)java.util.List:iterator()
M:jzip.JZip:zipIt(java.lang.String,java.lang.String) (I)java.util.Iterator:next()
M:jzip.JZip:zipIt(java.lang.String,java.lang.String) (O)java.lang.StringBuilder:<init>(java.lang.String)
M:jzip.JZip:zipIt(java.lang.String,java.lang.String) (M)java.lang.StringBuilder:append(java.lang.String)
M:jzip.JZip:zipIt(java.lang.String,java.lang.String) (M)java.lang.StringBuilder:toString()
M:jzip.JZip:zipIt(java.lang.String,java.lang.String) (M)java.io.PrintStream:println(java.lang.String)
M:jzip.JZip:zipIt(java.lang.String,java.lang.String) (O)java.util.zip.ZipEntry:<init>(java.lang.String)
M:jzip.JZip:zipIt(java.lang.String,java.lang.String) (M)java.util.zip.ZipOutputStream:putNextEntry(java.util.zip.ZipEntry)
M:jzip.JZip:zipIt(java.lang.String,java.lang.String) (S)java.lang.String:valueOf(java.lang.Object)
M:jzip.JZip:zipIt(java.lang.String,java.lang.String) (O)java.lang.StringBuilder:<init>(java.lang.String)
M:jzip.JZip:zipIt(java.lang.String,java.lang.String) (M)java.lang.StringBuilder:append(java.lang.String)
M:jzip.JZip:zipIt(java.lang.String,java.lang.String) (M)java.lang.StringBuilder:append(java.lang.String)
M:jzip.JZip:zipIt(java.lang.String,java.lang.String) (M)java.lang.StringBuilder:toString()
M:jzip.JZip:zipIt(java.lang.String,java.lang.String) (O)java.io.FileInputStream:<init>(java.lang.String)
M:jzip.JZip:zipIt(java.lang.String,java.lang.String) (O)java.io.BufferedInputStream:<init>(java.io.InputStream,int)
M:jzip.JZip:zipIt(java.lang.String,java.lang.String) (M)java.util.zip.ZipOutputStream:write(byte[],int,int)
M:jzip.JZip:zipIt(java.lang.String,java.lang.String) (M)java.io.BufferedInputStream:read(byte[])
M:jzip.JZip:zipIt(java.lang.String,java.lang.String) (M)java.io.FileInputStream:close()
M:jzip.JZip:zipIt(java.lang.String,java.lang.String) (I)java.util.Iterator:hasNext()
M:jzip.JZip:zipIt(java.lang.String,java.lang.String) (M)java.util.zip.ZipOutputStream:closeEntry()
M:jzip.JZip:zipIt(java.lang.String,java.lang.String) (M)java.util.zip.ZipOutputStream:close()
M:jzip.JZip:zipIt(java.lang.String,java.lang.String) (M)java.io.PrintStream:println(java.lang.String)
M:jzip.JZip:zipIt(java.lang.String,java.lang.String) (M)java.io.IOException:printStackTrace()
M:jzip.JZip:generateFileList(java.io.File,java.lang.String) (M)java.io.File:isFile()
M:jzip.JZip:generateFileList(java.io.File,java.lang.String) (M)java.io.File:getPath()
M:jzip.JZip:generateFileList(java.io.File,java.lang.String) (O)jzip.JZip:generateZipEntry(java.lang.String,java.lang.String)
M:jzip.JZip:generateFileList(java.io.File,java.lang.String) (I)java.util.List:add(java.lang.Object)
M:jzip.JZip:generateFileList(java.io.File,java.lang.String) (M)java.io.File:isDirectory()
M:jzip.JZip:generateFileList(java.io.File,java.lang.String) (M)java.io.File:list()
M:jzip.JZip:generateFileList(java.io.File,java.lang.String) (O)java.io.File:<init>(java.io.File,java.lang.String)
M:jzip.JZip:generateFileList(java.io.File,java.lang.String) (M)jzip.JZip:generateFileList(java.io.File,java.lang.String)
M:jzip.JZip:generateZipEntry(java.lang.String,java.lang.String) (M)java.lang.String:length()
M:jzip.JZip:generateZipEntry(java.lang.String,java.lang.String) (M)java.lang.String:length()
M:jzip.JZip:generateZipEntry(java.lang.String,java.lang.String) (M)java.lang.String:substring(int,int)
M:jzip.JZip:NotMyunZipIt(java.lang.String,java.lang.String) (O)java.io.File:<init>(java.lang.String)
M:jzip.JZip:NotMyunZipIt(java.lang.String,java.lang.String) (M)java.io.File:exists()
M:jzip.JZip:NotMyunZipIt(java.lang.String,java.lang.String) (M)java.io.File:mkdir()
M:jzip.JZip:NotMyunZipIt(java.lang.String,java.lang.String) (O)java.io.FileInputStream:<init>(java.lang.String)
M:jzip.JZip:NotMyunZipIt(java.lang.String,java.lang.String) (O)java.util.zip.ZipInputStream:<init>(java.io.InputStream)
M:jzip.JZip:NotMyunZipIt(java.lang.String,java.lang.String) (M)java.util.zip.ZipInputStream:getNextEntry()
M:jzip.JZip:NotMyunZipIt(java.lang.String,java.lang.String) (M)java.util.zip.ZipEntry:getName()
M:jzip.JZip:NotMyunZipIt(java.lang.String,java.lang.String) (S)java.lang.String:valueOf(java.lang.Object)
M:jzip.JZip:NotMyunZipIt(java.lang.String,java.lang.String) (O)java.lang.StringBuilder:<init>(java.lang.String)
M:jzip.JZip:NotMyunZipIt(java.lang.String,java.lang.String) (M)java.lang.StringBuilder:append(java.lang.String)
M:jzip.JZip:NotMyunZipIt(java.lang.String,java.lang.String) (M)java.lang.StringBuilder:append(java.lang.String)
M:jzip.JZip:NotMyunZipIt(java.lang.String,java.lang.String) (M)java.lang.StringBuilder:toString()
M:jzip.JZip:NotMyunZipIt(java.lang.String,java.lang.String) (O)java.io.File:<init>(java.lang.String)
M:jzip.JZip:NotMyunZipIt(java.lang.String,java.lang.String) (O)java.lang.StringBuilder:<init>(java.lang.String)
M:jzip.JZip:NotMyunZipIt(java.lang.String,java.lang.String) (M)java.io.File:getAbsoluteFile()
M:jzip.JZip:NotMyunZipIt(java.lang.String,java.lang.String) (M)java.lang.StringBuilder:append(java.lang.Object)
M:jzip.JZip:NotMyunZipIt(java.lang.String,java.lang.String) (M)java.lang.StringBuilder:toString()
M:jzip.JZip:NotMyunZipIt(java.lang.String,java.lang.String) (M)java.io.PrintStream:println(java.lang.String)
M:jzip.JZip:NotMyunZipIt(java.lang.String,java.lang.String) (M)java.io.File:getParent()
M:jzip.JZip:NotMyunZipIt(java.lang.String,java.lang.String) (O)java.io.File:<init>(java.lang.String)
M:jzip.JZip:NotMyunZipIt(java.lang.String,java.lang.String) (M)java.io.File:mkdirs()
M:jzip.JZip:NotMyunZipIt(java.lang.String,java.lang.String) (O)java.io.FileOutputStream:<init>(java.io.File)
M:jzip.JZip:NotMyunZipIt(java.lang.String,java.lang.String) (M)java.io.FileOutputStream:write(byte[],int,int)
M:jzip.JZip:NotMyunZipIt(java.lang.String,java.lang.String) (M)java.util.zip.ZipInputStream:read(byte[])
M:jzip.JZip:NotMyunZipIt(java.lang.String,java.lang.String) (M)java.io.FileOutputStream:close()
M:jzip.JZip:NotMyunZipIt(java.lang.String,java.lang.String) (M)java.util.zip.ZipInputStream:getNextEntry()
M:jzip.JZip:NotMyunZipIt(java.lang.String,java.lang.String) (M)java.util.zip.ZipEntry:isDirectory()
M:jzip.JZip:NotMyunZipIt(java.lang.String,java.lang.String) (M)java.util.zip.ZipInputStream:closeEntry()
M:jzip.JZip:NotMyunZipIt(java.lang.String,java.lang.String) (M)java.util.zip.ZipInputStream:close()
M:jzip.JZip:NotMyunZipIt(java.lang.String,java.lang.String) (M)java.io.PrintStream:println(java.lang.String)
M:jzip.JZip:NotMyunZipIt(java.lang.String,java.lang.String) (M)java.io.IOException:printStackTrace()
M:jzip.JZip:unZipIt(java.lang.String,java.lang.String) (M)java.lang.String:getBytes()
M:jzip.JZip:unZipIt(java.lang.String,java.lang.String) (M)java.lang.String:getBytes()
M:jzip.JZip:unZipIt(java.lang.String,java.lang.String) (M)jzip.JZip:unZipItByte(byte[],byte[])
M:jzip.JZip:unZipItByte(byte[],byte[]) (O)jzip.MyZipInputStream:<init>(byte[])
M:jzip.JZip:unZipItByte(byte[],byte[]) (O)jzip.MyFileOutputStream:<init>()
M:jzip.JZip:unZipItByte(byte[],byte[]) (O)jzip.JZip:unZipItExtract(byte[],jzip.MyZipInputStream,jzip.MyFileOutputStream)
M:jzip.JZip:unZipItExtract(byte[],jzip.MyZipInputStream,jzip.MyFileOutputStream) (M)jzip.MyZipInputStream:read()
M:jzip.JZip:unZipItExtract(byte[],jzip.MyZipInputStream,jzip.MyFileOutputStream) (M)jzip.MyFileOutputStream:write(byte[])
M:jzip.JZip:setConfigValue(java.lang.String,java.lang.String) (O)java.util.Properties:<init>()
M:jzip.JZip:setConfigValue(java.lang.String,java.lang.String) (M)java.util.Properties:put(java.lang.Object,java.lang.Object)
M:jzip.JZip:storeConfig(java.lang.String) (O)java.io.File:<init>(java.lang.String)
M:jzip.JZip:storeConfig(java.lang.String) (O)java.io.FileOutputStream:<init>(java.io.File)
M:jzip.JZip:storeConfig(java.lang.String) (M)java.util.Properties:store(java.io.OutputStream,java.lang.String)
M:jzip.JZip:storeConfig(java.lang.String) (M)java.io.IOException:printStackTrace()
M:jzip.JZip:showConfig() (M)java.util.Properties:keySet()
M:jzip.JZip:showConfig() (I)java.util.Set:iterator()
M:jzip.JZip:showConfig() (I)java.util.Iterator:next()
M:jzip.JZip:showConfig() (O)java.lang.StringBuilder:<init>()
M:jzip.JZip:showConfig() (M)java.lang.StringBuilder:append(java.lang.Object)
M:jzip.JZip:showConfig() (M)java.lang.StringBuilder:append(java.lang.String)
M:jzip.JZip:showConfig() (M)java.util.Properties:getProperty(java.lang.String)
M:jzip.JZip:showConfig() (M)java.lang.StringBuilder:append(java.lang.String)
M:jzip.JZip:showConfig() (M)java.lang.StringBuilder:toString()
M:jzip.JZip:showConfig() (M)java.io.PrintStream:println(java.lang.String)
M:jzip.JZip:showConfig() (I)java.util.Iterator:hasNext()
M:jzip.JZip:showConfig() (M)java.io.PrintStream:println(java.lang.String)
M:jzip.JZip:loadConfig(java.lang.String) (O)java.io.File:<init>(java.lang.String)
M:jzip.JZip:loadConfig(java.lang.String) (M)java.io.File:exists()
M:jzip.JZip:loadConfig(java.lang.String) (O)java.io.FileInputStream:<init>(java.io.File)
M:jzip.JZip:loadConfig(java.lang.String) (O)java.util.Properties:<init>()
M:jzip.JZip:loadConfig(java.lang.String) (M)java.util.Properties:load(java.io.InputStream)
M:jzip.JZip:loadConfig(java.lang.String) (O)jzip.JZip:showConfig()
M:jzip.JZip:loadConfig(java.lang.String) (M)java.io.FileNotFoundException:printStackTrace()
M:jzip.JZip:loadConfig(java.lang.String) (M)java.io.IOException:printStackTrace()
C:jzip.MyFileOutputStream jzip.MyFileOutputStream
C:jzip.MyFileOutputStream java.lang.Object
M:jzip.MyFileOutputStream:<init>() (O)java.lang.Object:<init>()
C:jzip.MyZipInputStream jzip.MyZipInputStream
C:jzip.MyZipInputStream java.lang.Object
M:jzip.MyZipInputStream:<init>(byte[]) (O)java.lang.Object:<init>()
]]></system-out>
  <system-err><![CDATA[]]></system-err>
</testsuite>
