<?xml version="1.0" encoding="UTF-8" ?>
<testsuite errors="1" failures="0" hostname="mihai-T540p" name="joanakeyrefactoring.javaforkeycreator.JavaForKeyCreatorTest" skipped="0" tests="1" time="0.085" timestamp="2017-07-13T08:21:24">
  <properties>
[...]
</properties>
  <testcase classname="joanakeyrefactoring.javaforkeycreator.JavaForKeyCreatorTest" name="testGenerateForSummaryEdge" time="0.047">
    <error message="java.io.FileNotFoundException: /home/holger/Code/hiwi/joana-key-refactoring/testdata/multipleClassesFalsePos/MultipleClassesFalsePos/dist/MultipleClassesFalsePos.jar (No such file or directory)" type="com.ibm.wala.util.debug.UnimplementedError">com.ibm.wala.util.debug.UnimplementedError: java.io.FileNotFoundException: /home/holger/Code/hiwi/joana-key-refactoring/testdata/multipleClassesFalsePos/MultipleClassesFalsePos/dist/MultipleClassesFalsePos.jar (No such file or directory)
	at com.ibm.wala.util.debug.Assertions.UNREACHABLE(Assertions.java:55)
	at com.ibm.wala.util.config.AnalysisScopeReader.addClassPathToScope(AnalysisScopeReader.java:249)
	at edu.kit.joana.api.sdg.SDGBuildPreparation.setUpAnalysisScope(SDGBuildPreparation.java:207)
	at edu.kit.joana.api.sdg.SDGBuildPreparation.prepareBuild(SDGBuildPreparation.java:228)
	at edu.kit.joana.api.sdg.SDGBuildPreparation.computeAndKeepBuildArtifacts(SDGBuildPreparation.java:355)
	at edu.kit.joana.api.sdg.SDGProgram.createSDGProgram(SDGProgram.java:235)
	at edu.kit.joana.api.sdg.SDGProgram.createSDGProgram(SDGProgram.java:224)
	at joanakeyrefactoring.CombinedApproach.runJoanaCreateSDGAndIFCAnalyis(CombinedApproach.java:200)
	at joanakeyrefactoring.CombinedApproach.parseInputFile(CombinedApproach.java:111)
	at joanakeyrefactoring.javaforkeycreator.JavaForKeyCreatorTest.testGenerateForSummaryEdge(JavaForKeyCreatorTest.java:59)
</error>
  </testcase>
  <system-out><![CDATA[Setting up analysis scope... (from jar stream stubs/jSDG-stubs-jre1.4.jar) ]]></system-out>
  <system-err><![CDATA[]]></system-err>
</testsuite>
